Arguments: 
  /usr/local/bin/node /usr/local/Cellar/yarn/1.22.17/libexec/bin/yarn.js run dev

PATH: 
  /Users/alejandrocrosa/.rvm/gems/ruby-2.6.3/bin:/Users/alejandrocrosa/.rvm/gems/ruby-2.6.3@global/bin:/Users/alejandrocrosa/.rvm/rubies/ruby-2.6.3/bin:/opt/homebrew/bin:/usr/local/bin:/usr/bin:/bin:/usr/sbin:/sbin:/Library/Apple/usr/bin:/Users/alejandrocrosa/.fig/bin:/Users/alejandrocrosa/.rvm/bin

Yarn version: 
  1.22.17

Node version: 
  16.13.0

Platform: 
  darwin x64

Trace: 
  SyntaxError: /Users/alejandrocrosa/Desktop/projects/aleph-blog/package.json: Unexpected token } in JSON at position 371
      at JSON.parse (<anonymous>)
      at /usr/local/Cellar/yarn/1.22.17/libexec/lib/cli.js:1625:59
      at Generator.next (<anonymous>)
      at step (/usr/local/Cellar/yarn/1.22.17/libexec/lib/cli.js:310:30)
      at /usr/local/Cellar/yarn/1.22.17/libexec/lib/cli.js:321:13

npm manifest: 
  {
    "private": true,
    "name": "remix-app-template",
    "description": "",
    "license": "",
    "scripts": {
      "postinstall": "remix setup node",
      "build": "npm run build:css && remix build",
      "build:css": "tailwindcss -o ./app/tailwind.css",
      "dev": "concurrently \"npm run dev:css\" \"remix dev\"",
      "dev:css": "tailwindcss -o ./app/tailwind.css --watch",
    },
    "dependencies": {
      "@remix-run/react": "^1.1.1",
      "@remix-run/serve": "^1.1.1",
      "@remix-run/vercel": "^1.1.1",
      "react": "^17.0.2",
      "react-dom": "^17.0.2",
      "remix": "^1.1.1"
    },
    "devDependencies": {
      "@remix-run/dev": "^1.1.1",
      "@types/react": "^17.0.24",
      "@types/react-dom": "^17.0.9",
      "concurrently": "^6.5.1",
      "tailwindcss": "^3.0.8",
      "typescript": "^4.1.2"
    },
    "engines": {
      "node": ">=14"
    },
    "sideEffects": false
  }

yarn manifest: 
  No manifest

Lockfile: 
  No lockfile
